\BOOKMARK [0][-]{chapter*.2}{Agradecimientos}{}% 1
\BOOKMARK [0][-]{chapter*.3}{Resumen}{}% 2
\BOOKMARK [0][-]{chapter*.4}{Abstract}{}% 3
\BOOKMARK [0][-]{chapter*.5}{\315NDICE DE FIGURAS}{}% 4
\BOOKMARK [0][-]{chapter*.6}{\315NDICE DE TABLAS}{}% 5
\BOOKMARK [0][-]{chapter.1}{Introducci\363n}{}% 6
\BOOKMARK [1][-]{section.1.1}{Contexto general}{chapter.1}% 7
\BOOKMARK [1][-]{section.1.2}{Motivaci\363n}{chapter.1}% 8
\BOOKMARK [1][-]{section.1.3}{Planteamiento del problema}{chapter.1}% 9
\BOOKMARK [1][-]{section.1.4}{Alcances y contribuciones}{chapter.1}% 10
\BOOKMARK [1][-]{section.1.5}{Organizaci\363n del documento.}{chapter.1}% 11
\BOOKMARK [0][-]{chapter.2}{estado del arte}{}% 12
\BOOKMARK [1][-]{section.2.1}{LabPet II}{chapter.2}% 13
\BOOKMARK [1][-]{section.2.2}{4D PET}{chapter.2}% 14
\BOOKMARK [1][-]{section.2.3}{ATLAS}{chapter.2}% 15
\BOOKMARK [1][-]{section.2.4}{Discusi\363n sobre alternativas existentes}{chapter.2}% 16
\BOOKMARK [0][-]{chapter.3}{sistema de detecci\363n}{}% 17
\BOOKMARK [1][-]{section.3.1}{Detector de Part\355culas}{chapter.3}% 18
\BOOKMARK [2][-]{subsection.3.1.1}{Estructura general}{section.3.1}% 19
\BOOKMARK [2][-]{subsection.3.1.2}{Detector sTGC utilizado}{section.3.1}% 20
\BOOKMARK [2][-]{subsection.3.1.3}{Procedimiento de operaci\363n y pruebas}{section.3.1}% 21
\BOOKMARK [1][-]{section.3.2}{Interfaz de Lectura}{chapter.3}% 22
\BOOKMARK [2][-]{subsection.3.2.1}{Circuito interno de Amplificaci\363n, Acondicionamiento y Discriminaci\363n}{section.3.2}% 23
\BOOKMARK [0][-]{chapter.4}{sistema de adquisici\363n}{}% 24
\BOOKMARK [1][-]{section.4.1}{Arquitectura propuesta}{chapter.4}% 25
\BOOKMARK [2][-]{subsection.4.1.1}{Esquema general del sistema de adquisici\363n propuesto}{section.4.1}% 26
\BOOKMARK [2][-]{subsection.4.1.2}{Plataforma de desarrollo utilizada}{section.4.1}% 27
\BOOKMARK [2][-]{subsection.4.1.3}{Sistema de adquisici\363n propuesto}{section.4.1}% 28
\BOOKMARK [1][-]{section.4.2}{Implementaci\363n del sistema de adquisici\363n}{chapter.4}% 29
\BOOKMARK [2][-]{subsection.4.2.1}{Sampler}{section.4.2}% 30
\BOOKMARK [2][-]{subsection.4.2.2}{Event Buffer}{section.4.2}% 31
\BOOKMARK [2][-]{subsection.4.2.3}{Event Reader y Comunicaci\363n}{section.4.2}% 32
\BOOKMARK [2][-]{subsection.4.2.4}{Utilizaci\363n de recursos en el sistema implementado}{section.4.2}% 33
\BOOKMARK [0][-]{chapter.5}{Evaluaci\363n experimental}{}% 34
\BOOKMARK [0][-]{chapter.6}{conclusion}{}% 35
\BOOKMARK [1][-]{section.6.1}{Conclusiones}{chapter.6}% 36
\BOOKMARK [1][-]{section.6.2}{Trabajo futuro}{chapter.6}% 37
\BOOKMARK [0][-]{appendix.Alph1}{Conexi\363n de se\361ales LVDS en Familia de Productos Xilinx 7 Series}{}% 38
\BOOKMARK [1][-]{section.Alph1.1}{Acerca del est\341ndar LVDS}{appendix.Alph1}% 39
\BOOKMARK [1][-]{section.Alph1.2}{Interconexi\363n LVDS para hardware Xilinx 7 Series}{appendix.Alph1}% 40
\BOOKMARK [1][-]{section.Alph1.3}{Descripci\363n de hardware para utilizaci\363n de puertos LVDS}{appendix.Alph1}% 41
\BOOKMARK [0][-]{appendix.Alph2}{Control de versiones de proyectos Vivado con Git}{}% 42
\BOOKMARK [1][-]{section.Alph2.1}{Creaci\363n de un repositorio Git}{appendix.Alph2}% 43
\BOOKMARK [1][-]{section.Alph2.2}{Clonaci\363n de un repositorio Git}{appendix.Alph2}% 44
\BOOKMARK [1][-]{section.Alph2.3}{Creaci\363n de los archivos y carpetas iniciales}{appendix.Alph2}% 45
\BOOKMARK [1][-]{section.Alph2.4}{Preparaci\363n del proyecto Vivado}{appendix.Alph2}% 46
\BOOKMARK [1][-]{section.Alph2.5}{Exportar script Tcl}{appendix.Alph2}% 47
\BOOKMARK [1][-]{section.Alph2.6}{Editar script Tcl}{appendix.Alph2}% 48
\BOOKMARK [1][-]{section.Alph2.7}{Confirmar y subir los archivos al repositorio remoto}{appendix.Alph2}% 49
\BOOKMARK [0][-]{appendix*.49}{ Referencias}{}% 50
